# JRE version: Java(TM) SE Runtime Environment (8.0_202-b08) (build 1.8.0_202-b08)
# Java VM: Java HotSpot(TM) 64-Bit Server VM (25.202-b08 mixed mode bsd-amd64 compressed oops)
Heap:
 PSYoungGen      total 523776K, used 198777K [0x000000076ab00000, 0x000000078bf00000, 0x00000007c0000000)
  eden space 523264K, 37% used [0x000000076ab00000,0x0000000776cde728,0x000000078aa00000)
  from space 512K, 50% used [0x000000078be80000,0x000000078bec0000,0x000000078bf00000)
  to   space 9216K, 0% used [0x000000078ad00000,0x000000078ad00000,0x000000078b600000)
 ParOldGen       total 93184K, used 7092K [0x00000006c0000000, 0x00000006c5b00000, 0x000000076ab00000)
  object space 93184K, 7% used [0x00000006c0000000,0x00000006c06ed380,0x00000006c5b00000)
 Metaspace       used 25206K, capacity 25850K, committed 26112K, reserved 1071104K
  class space    used 3447K, capacity 3555K, committed 3584K, reserved 1048576K
GC Heap History (10 events):
Event: 3.864 GC heap before
{Heap before GC invocations=9 (full 1):
 PSYoungGen      total 224768K, used 215264K [0x000000076ab00000, 0x0000000780b80000, 0x00000007c0000000)
  eden space 214528K, 100% used [0x000000076ab00000,0x0000000777c80000,0x0000000777c80000)
  from space 10240K, 7% used [0x0000000777c80000,0x0000000777d38000,0x0000000778680000)
  to   space 10240K, 0% used [0x0000000780180000,0x0000000780180000,0x0000000780b80000)
 ParOldGen       total 93184K, used 6392K [0x00000006c0000000, 0x00000006c5b00000, 0x000000076ab00000)
  object space 93184K, 6% used [0x00000006c0000000,0x00000006c063e360,0x00000006c5b00000)
 Metaspace       used 24959K, capacity 25640K, committed 25856K, reserved 1071104K
  class space    used 3432K, capacity 3552K, committed 3584K, reserved 1048576K
Event: 3.866 GC heap after
Heap after GC invocations=9 (full 1):
 PSYoungGen      total 337408K, used 784K [0x000000076ab00000, 0x0000000780500000, 0x00000007c0000000)
  eden space 333824K, 0% used [0x000000076ab00000,0x000000076ab00000,0x000000077f100000)
  from space 3584K, 21% used [0x0000000780180000,0x0000000780244010,0x0000000780500000)
  to   space 10240K, 0% used [0x000000077f100000,0x000000077f100000,0x000000077fb00000)
 ParOldGen       total 93184K, used 6392K [0x00000006c0000000, 0x00000006c5b00000, 0x000000076ab00000)
  object space 93184K, 6% used [0x00000006c0000000,0x00000006c063e360,0x00000006c5b00000)
 Metaspace       used 24959K, capacity 25640K, committed 25856K, reserved 1071104K
  class space    used 3432K, capacity 3552K, committed 3584K, reserved 1048576K
}
Event: 4.502 GC heap before
{Heap before GC invocations=10 (full 1):
 PSYoungGen      total 337408K, used 334608K [0x000000076ab00000, 0x0000000780500000, 0x00000007c0000000)
  eden space 333824K, 100% used [0x000000076ab00000,0x000000077f100000,0x000000077f100000)
  from space 3584K, 21% used [0x0000000780180000,0x0000000780244010,0x0000000780500000)
  to   space 10240K, 0% used [0x000000077f100000,0x000000077f100000,0x000000077fb00000)
 ParOldGen       total 93184K, used 6392K [0x00000006c0000000, 0x00000006c5b00000, 0x000000076ab00000)
  object space 93184K, 6% used [0x00000006c0000000,0x00000006c063e360,0x00000006c5b00000)
 Metaspace       used 24971K, capacity 25640K, committed 25856K, reserved 1071104K
  class space    used 3432K, capacity 3552K, committed 3584K, reserved 1048576K
Event: 4.505 GC heap after
Heap after GC invocations=10 (full 1):
 PSYoungGen      total 344064K, used 256K [0x000000076ab00000, 0x0000000786a80000, 0x00000007c0000000)
  eden space 333824K, 0% used [0x000000076ab00000,0x000000076ab00000,0x000000077f100000)
  from space 10240K, 2% used [0x000000077f100000,0x000000077f140000,0x000000077fb00000)
  to   space 10240K, 0% used [0x0000000786080000,0x0000000786080000,0x0000000786a80000)
 ParOldGen       total 93184K, used 7052K [0x00000006c0000000, 0x00000006c5b00000, 0x000000076ab00000)
  object space 93184K, 7% used [0x00000006c0000000,0x00000006c06e3380,0x00000006c5b00000)
 Metaspace       used 24971K, capacity 25640K, committed 25856K, reserved 1071104K
  class space    used 3432K, capacity 3552K, committed 3584K, reserved 1048576K
}
Event: 4.998 GC heap before
{Heap before GC invocations=11 (full 1):
 PSYoungGen      total 344064K, used 334080K [0x000000076ab00000, 0x0000000786a80000, 0x00000007c0000000)
  eden space 333824K, 100% used [0x000000076ab00000,0x000000077f100000,0x000000077f100000)
  from space 10240K, 2% used [0x000000077f100000,0x000000077f140000,0x000000077fb00000)
  to   space 10240K, 0% used [0x0000000786080000,0x0000000786080000,0x0000000786a80000)
 ParOldGen       total 93184K, used 7052K [0x00000006c0000000, 0x00000006c5b00000, 0x000000076ab00000)
  object space 93184K, 7% used [0x00000006c0000000,0x00000006c06e3380,0x00000006c5b00000)
 Metaspace       used 25002K, capacity 25640K, committed 25856K, reserved 1071104K
  class space    used 3433K, capacity 3552K, committed 3584K, reserved 1048576K
Event: 4.999 GC heap after
Heap after GC invocations=11 (full 1):
 PSYoungGen      total 427520K, used 288K [0x000000076ab00000, 0x0000000786100000, 0x00000007c0000000)
  eden space 427008K, 0% used [0x000000076ab00000,0x000000076ab00000,0x0000000784c00000)
  from space 512K, 56% used [0x0000000786080000,0x00000007860c8000,0x0000000786100000)
  to   space 9728K, 0% used [0x0000000784e00000,0x0000000784e00000,0x0000000785780000)
 ParOldGen       total 93184K, used 7084K [0x00000006c0000000, 0x00000006c5b00000, 0x000000076ab00000)
  object space 93184K, 7% used [0x00000006c0000000,0x00000006c06eb380,0x00000006c5b00000)
 Metaspace       used 25002K, capacity 25640K, committed 25856K, reserved 1071104K
  class space    used 3433K, capacity 3552K, committed 3584K, reserved 1048576K
}
Event: 5.818 GC heap before
{Heap before GC invocations=12 (full 1):
 PSYoungGen      total 427520K, used 427296K [0x000000076ab00000, 0x0000000786100000, 0x00000007c0000000)
  eden space 427008K, 100% used [0x000000076ab00000,0x0000000784c00000,0x0000000784c00000)
  from space 512K, 56% used [0x0000000786080000,0x00000007860c8000,0x0000000786100000)
  to   space 9728K, 0% used [0x0000000784e00000,0x0000000784e00000,0x0000000785780000)
 ParOldGen       total 93184K, used 7084K [0x00000006c0000000, 0x00000006c5b00000, 0x000000076ab00000)
  object space 93184K, 7% used [0x00000006c0000000,0x00000006c06eb380,0x00000006c5b00000)
 Metaspace       used 25075K, capacity 25704K, committed 25856K, reserved 1071104K
  class space    used 3437K, capacity 3552K, committed 3584K, reserved 1048576K
Event: 5.820 GC heap after
Heap after GC invocations=12 (full 1):
 PSYoungGen      total 438784K, used 256K [0x000000076ab00000, 0x000000078c800000, 0x00000007c0000000)
  eden space 429056K, 0% used [0x000000076ab00000,0x000000076ab00000,0x0000000784e00000)
  from space 9728K, 2% used [0x0000000784e00000,0x0000000784e40000,0x0000000785780000)
  to   space 9728K, 0% used [0x000000078be80000,0x000000078be80000,0x000000078c800000)
 ParOldGen       total 93184K, used 7084K [0x00000006c0000000, 0x00000006c5b00000, 0x000000076ab00000)
  object space 93184K, 7% used [0x00000006c0000000,0x00000006c06eb380,0x00000006c5b00000)
 Metaspace       used 25075K, capacity 25704K, committed 25856K, reserved 1071104K
  class space    used 3437K, capacity 3552K, committed 3584K, reserved 1048576K
}
Event: 6.860 GC heap before
{Heap before GC invocations=13 (full 1):
 PSYoungGen      total 438784K, used 429312K [0x000000076ab00000, 0x000000078c800000, 0x00000007c0000000)
  eden space 429056K, 100% used [0x000000076ab00000,0x0000000784e00000,0x0000000784e00000)
  from space 9728K, 2% used [0x0000000784e00000,0x0000000784e40000,0x0000000785780000)
  to   space 9728K, 0% used [0x000000078be80000,0x000000078be80000,0x000000078c800000)
 ParOldGen       total 93184K, used 7084K [0x00000006c0000000, 0x00000006c5b00000, 0x000000076ab00000)
  object space 93184K, 7% used [0x00000006c0000000,0x00000006c06eb380,0x00000006c5b00000)
 Metaspace       used 25176K, capacity 25780K, committed 26112K, reserved 1071104K
  class space    used 3446K, capacity 3554K, committed 3584K, reserved 1048576K
Event: 6.862 GC heap after
Heap after GC invocations=13 (full 1):
 PSYoungGen      total 523776K, used 256K [0x000000076ab00000, 0x000000078bf00000, 0x00000007c0000000)
  eden space 523264K, 0% used [0x000000076ab00000,0x000000076ab00000,0x000000078aa00000)
  from space 512K, 50% used [0x000000078be80000,0x000000078bec0000,0x000000078bf00000)
  to   space 9216K, 0% used [0x000000078ad00000,0x000000078ad00000,0x000000078b600000)
 ParOldGen       total 93184K, used 7092K [0x00000006c0000000, 0x00000006c5b00000, 0x000000076ab00000)
  object space 93184K, 7% used [0x00000006c0000000,0x00000006c06ed380,0x00000006c5b00000)
 Metaspace       used 25176K, capacity 25780K, committed 26112K, reserved 1071104K
  class space    used 3446K, capacity 3554K, committed 3584K, reserved 1048576K
}

